Determining if the pthread_create exist failed with the following output:
Change Dir: /home/akb/Documents/github/enigmatutorials/intro2ros/workspaces/intro2ros/build/CMakeFiles/CMakeTmp

Run Build Command:"/usr/bin/make" "cmTC_2c29a/fast"
/usr/bin/make -f CMakeFiles/cmTC_2c29a.dir/build.make CMakeFiles/cmTC_2c29a.dir/build
make[1]: Entering directory '/home/akb/Documents/github/enigmatutorials/intro2ros/workspaces/intro2ros/build/CMakeFiles/CMakeTmp'
Building C object CMakeFiles/cmTC_2c29a.dir/CheckSymbolExists.c.o
/usr/bin/cc    -o CMakeFiles/cmTC_2c29a.dir/CheckSymbolExists.c.o   -c /home/akb/Documents/github/enigmatutorials/intro2ros/workspaces/intro2ros/build/CMakeFiles/CMakeTmp/CheckSymbolExists.c
Linking C executable cmTC_2c29a
/usr/bin/cmake -E cmake_link_script CMakeFiles/cmTC_2c29a.dir/link.txt --verbose=1
/usr/bin/cc      -rdynamic CMakeFiles/cmTC_2c29a.dir/CheckSymbolExists.c.o  -o cmTC_2c29a 
CMakeFiles/cmTC_2c29a.dir/CheckSymbolExists.c.o: In function `main':
CheckSymbolExists.c:(.text+0x1b): undefined reference to `pthread_create'
collect2: error: ld returned 1 exit status
CMakeFiles/cmTC_2c29a.dir/build.make:97: recipe for target 'cmTC_2c29a' failed
make[1]: *** [cmTC_2c29a] Error 1
make[1]: Leaving directory '/home/akb/Documents/github/enigmatutorials/intro2ros/workspaces/intro2ros/build/CMakeFiles/CMakeTmp'
Makefile:126: recipe for target 'cmTC_2c29a/fast' failed
make: *** [cmTC_2c29a/fast] Error 2

File /home/akb/Documents/github/enigmatutorials/intro2ros/workspaces/intro2ros/build/CMakeFiles/CMakeTmp/CheckSymbolExists.c:
/* */
#include <pthread.h>

int main(int argc, char** argv)
{
  (void)argv;
#ifndef pthread_create
  return ((int*)(&pthread_create))[argc];
#else
  (void)argc;
  return 0;
#endif
}

Determining if the function pthread_create exists in the pthreads failed with the following output:
Change Dir: /home/akb/Documents/github/enigmatutorials/intro2ros/workspaces/intro2ros/build/CMakeFiles/CMakeTmp

Run Build Command:"/usr/bin/make" "cmTC_e03e2/fast"
/usr/bin/make -f CMakeFiles/cmTC_e03e2.dir/build.make CMakeFiles/cmTC_e03e2.dir/build
make[1]: Entering directory '/home/akb/Documents/github/enigmatutorials/intro2ros/workspaces/intro2ros/build/CMakeFiles/CMakeTmp'
Building C object CMakeFiles/cmTC_e03e2.dir/CheckFunctionExists.c.o
/usr/bin/cc   -DCHECK_FUNCTION_EXISTS=pthread_create   -o CMakeFiles/cmTC_e03e2.dir/CheckFunctionExists.c.o   -c /usr/share/cmake-3.10/Modules/CheckFunctionExists.c
Linking C executable cmTC_e03e2
/usr/bin/cmake -E cmake_link_script CMakeFiles/cmTC_e03e2.dir/link.txt --verbose=1
/usr/bin/cc  -DCHECK_FUNCTION_EXISTS=pthread_create    -rdynamic CMakeFiles/cmTC_e03e2.dir/CheckFunctionExists.c.o  -o cmTC_e03e2 -lpthreads 
/usr/bin/ld: cannot find -lpthreads
collect2: error: ld returned 1 exit status
CMakeFiles/cmTC_e03e2.dir/build.make:97: recipe for target 'cmTC_e03e2' failed
make[1]: *** [cmTC_e03e2] Error 1
make[1]: Leaving directory '/home/akb/Documents/github/enigmatutorials/intro2ros/workspaces/intro2ros/build/CMakeFiles/CMakeTmp'
Makefile:126: recipe for target 'cmTC_e03e2/fast' failed
make: *** [cmTC_e03e2/fast] Error 2


